<?xml version="1.0" encoding="UTF-8"?>
<testsuite xmlns:xsi="http://www.w3.org/2001/XMLSchema-instance" xsi:noNamespaceSchemaLocation="https://maven.apache.org/surefire/maven-surefire-plugin/xsd/surefire-test-report.xsd" name="textstatistics.TextStatisticsApplicationTest" time="0.776" tests="1" errors="1" skipped="0" failures="0">
  <properties>
[...]
</properties>
  <testcase name="theDesiredElementsAreFound" classname="textstatistics.TextStatisticsApplicationTest" time="0.649">
    <error message="java.util.concurrent.ExecutionException: java.lang.AssertionError: Make sure the TextStatisticsApplication class inherits the Application class." type="java.lang.RuntimeException">java.lang.RuntimeException: java.util.concurrent.ExecutionException: java.lang.AssertionError: Make sure the TextStatisticsApplication class inherits the Application class.
	at textstatistics.TextStatisticsApplicationTest.start(TextStatisticsApplicationTest.java:47)
</error>
    <system-err><![CDATA[--- Exception in Async Thread ---
java.lang.AssertionError: Make sure the TextStatisticsApplication class inherits the Application class.
	org.junit.Assert.fail(Assert.java:88)
	textstatistics.TextStatisticsApplicationTest.start(TextStatisticsApplicationTest.java:47)
	org.testfx.framework.junit.ApplicationAdapter.start(ApplicationAdapter.java:41)
	org.testfx.toolkit.impl.ApplicationServiceImpl.lambda$start$0(ApplicationServiceImpl.java:49)
	java.util.concurrent.FutureTask.run(FutureTask.java:266)
	com.sun.javafx.application.PlatformImpl.lambda$null$5(PlatformImpl.java:295)
	java.security.AccessController.doPrivileged(Native Method)
	com.sun.javafx.application.PlatformImpl.lambda$runLater$6(PlatformImpl.java:294)
	com.sun.glass.ui.InvokeLaterDispatcher$Future.run(InvokeLaterDispatcher.java:95)
	com.sun.glass.ui.win.WinApplication._runLoop(Native Method)
	com.sun.glass.ui.win.WinApplication.lambda$null$4(WinApplication.java:186)
	java.lang.Thread.run(Thread.java:748)
--- Trace of caller of unhandled exception in Async Thread ---
	java.lang.Thread.getStackTrace(Thread.java:1559)
	org.testfx.util.WaitForAsyncUtils$ASyncFXCallable.<init>(WaitForAsyncUtils.java:650)
	org.testfx.util.WaitForAsyncUtils.asyncFx(WaitForAsyncUtils.java:258)
	org.testfx.toolkit.impl.ApplicationServiceImpl.start(ApplicationServiceImpl.java:48)
	org.testfx.toolkit.impl.ToolkitServiceImpl.lambda$setupApplication$6(ToolkitServiceImpl.java:127)
	java.util.concurrent.FutureTask.run(FutureTask.java:266)
	java.util.concurrent.Executors$RunnableAdapter.call(Executors.java:511)
	java.util.concurrent.FutureTask.run(FutureTask.java:266)
	java.util.concurrent.ThreadPoolExecutor.runWorker(ThreadPoolExecutor.java:1149)
	java.util.concurrent.ThreadPoolExecutor$Worker.run(ThreadPoolExecutor.java:624)
	java.lang.Thread.run(Thread.java:748)

--- Exception in Async Thread ---
java.util.concurrent.ExecutionException: java.lang.AssertionError: Make sure the TextStatisticsApplication class inherits the Application class.
	java.util.concurrent.FutureTask.report(FutureTask.java:122)
	java.util.concurrent.FutureTask.get(FutureTask.java:192)
	org.testfx.util.WaitForAsyncUtils$ASyncFXCallable.get(WaitForAsyncUtils.java:697)
	org.testfx.toolkit.impl.ToolkitServiceImpl.lambda$setupApplication$6(ToolkitServiceImpl.java:127)
	java.util.concurrent.FutureTask.run(FutureTask.java:266)
	java.util.concurrent.Executors$RunnableAdapter.call(Executors.java:511)
	java.util.concurrent.FutureTask.run(FutureTask.java:266)
	java.util.concurrent.ThreadPoolExecutor.runWorker(ThreadPoolExecutor.java:1149)
	java.util.concurrent.ThreadPoolExecutor$Worker.run(ThreadPoolExecutor.java:624)
	java.lang.Thread.run(Thread.java:748)
java.lang.AssertionError: Make sure the TextStatisticsApplication class inherits the Application class.
	org.junit.Assert.fail(Assert.java:88)
	textstatistics.TextStatisticsApplicationTest.start(TextStatisticsApplicationTest.java:47)
	org.testfx.framework.junit.ApplicationAdapter.start(ApplicationAdapter.java:41)
	org.testfx.toolkit.impl.ApplicationServiceImpl.lambda$start$0(ApplicationServiceImpl.java:49)
	java.util.concurrent.FutureTask.run(FutureTask.java:266)
	com.sun.javafx.application.PlatformImpl.lambda$null$5(PlatformImpl.java:295)
	java.security.AccessController.doPrivileged(Native Method)
	com.sun.javafx.application.PlatformImpl.lambda$runLater$6(PlatformImpl.java:294)
	com.sun.glass.ui.InvokeLaterDispatcher$Future.run(InvokeLaterDispatcher.java:95)
	com.sun.glass.ui.win.WinApplication._runLoop(Native Method)
	com.sun.glass.ui.win.WinApplication.lambda$null$4(WinApplication.java:186)
	java.lang.Thread.run(Thread.java:748)
--- Trace of caller of unhandled exception in Async Thread ---
	java.lang.Thread.getStackTrace(Thread.java:1559)
	org.testfx.util.WaitForAsyncUtils$ASyncFXCallable.<init>(WaitForAsyncUtils.java:650)
	org.testfx.util.WaitForAsyncUtils.async(WaitForAsyncUtils.java:193)
	org.testfx.toolkit.impl.ToolkitServiceImpl.setupApplication(ToolkitServiceImpl.java:123)
	org.testfx.api.FxToolkit.setupApplication(FxToolkit.java:153)
	org.testfx.framework.junit.ApplicationTest.internalBefore(ApplicationTest.java:86)
	sun.reflect.NativeMethodAccessorImpl.invoke0(Native Method)
	sun.reflect.NativeMethodAccessorImpl.invoke(NativeMethodAccessorImpl.java:62)
	sun.reflect.DelegatingMethodAccessorImpl.invoke(DelegatingMethodAccessorImpl.java:43)
	java.lang.reflect.Method.invoke(Method.java:498)
	org.junit.runners.model.FrameworkMethod$1.runReflectiveCall(FrameworkMethod.java:50)
	org.junit.internal.runners.model.ReflectiveCallable.run(ReflectiveCallable.java:12)
	org.junit.runners.model.FrameworkMethod.invokeExplosively(FrameworkMethod.java:47)
	org.junit.internal.runners.statements.RunBefores.evaluate(RunBefores.java:24)
	org.junit.internal.runners.statements.RunAfters.evaluate(RunAfters.java:27)
	org.junit.runners.ParentRunner.runLeaf(ParentRunner.java:325)
	org.junit.runners.BlockJUnit4ClassRunner.runChild(BlockJUnit4ClassRunner.java:78)
	org.junit.runners.BlockJUnit4ClassRunner.runChild(BlockJUnit4ClassRunner.java:57)
	org.junit.runners.ParentRunner$3.run(ParentRunner.java:290)
	org.junit.runners.ParentRunner$1.schedule(ParentRunner.java:71)
	org.junit.runners.ParentRunner.runChildren(ParentRunner.java:288)
	org.junit.runners.ParentRunner.access$000(ParentRunner.java:58)
	org.junit.runners.ParentRunner$2.evaluate(ParentRunner.java:268)
	org.junit.runners.ParentRunner.run(ParentRunner.java:363)
	org.apache.maven.surefire.junit4.JUnit4Provider.execute(JUnit4Provider.java:365)
	org.apache.maven.surefire.junit4.JUnit4Provider.executeWithRerun(JUnit4Provider.java:273)
	org.apache.maven.surefire.junit4.JUnit4Provider.executeTestSet(JUnit4Provider.java:238)
	org.apache.maven.surefire.junit4.JUnit4Provider.invoke(JUnit4Provider.java:159)
	org.apache.maven.surefire.booter.ForkedBooter.invokeProviderInSameClassLoader(ForkedBooter.java:384)
	org.apache.maven.surefire.booter.ForkedBooter.runSuitesInProcess(ForkedBooter.java:345)
	org.apache.maven.surefire.booter.ForkedBooter.execute(ForkedBooter.java:126)
	org.apache.maven.surefire.booter.ForkedBooter.main(ForkedBooter.java:418)

]]></system-err>
  </testcase>
</testsuite>